<?xml version="1.0" encoding="UTF-8"?>
<testsuite xmlns:xsi="http://www.w3.org/2001/XMLSchema-instance" xsi:noNamespaceSchemaLocation="https://maven.apache.org/surefire/maven-surefire-plugin/xsd/surefire-test-report-3.0.xsd" version="3.0" name="com.shortlink.common.util.UrlValidatorTest" time="0.015" tests="8" errors="0" skipped="0" failures="0">
  <properties>
[...]
</properties>
  <testcase name="testWhitespaceTrimmed" classname="com.shortlink.common.util.UrlValidatorTest" time="0.003"/>
  <testcase name="testDisallowedScheme" classname="com.shortlink.common.util.UrlValidatorTest" time="0.0"/>
  <testcase name="testInvalidUrlReturnsMessage" classname="com.shortlink.common.util.UrlValidatorTest" time="0.001"/>
  <testcase name="testBlankUrl" classname="com.shortlink.common.util.UrlValidatorTest" time="0.002"/>
  <testcase name="testMissingScheme" classname="com.shortlink.common.util.UrlValidatorTest" time="0.001"/>
  <testcase name="testMissingHost" classname="com.shortlink.common.util.UrlValidatorTest" time="0.002"/>
  <testcase name="testTooLongUrl" classname="com.shortlink.common.util.UrlValidatorTest" time="0.0"/>
  <testcase name="testValidHttpUrl" classname="com.shortlink.common.util.UrlValidatorTest" time="0.0"/>
</testsuite>